<?xml version="1.0" encoding="UTF-8" ?>
<testsuites>
  <testsuite errors="0" failures="0" hostname="tangra" id="0" name="InsecurePasswordsControllerIntegrationTests" package="arktikfoxwebservices" tests="1" time="0.169" timestamp="2013-12-02T07:24:01">
      <properties />

      <testcase classname="arktikfoxwebservices.InsecurePasswordsControllerIntegrationTests" name="testSomething" time="0.161" />

      <system-out><![CDATA[--Output from testSomething--
Hibernate: select nextval ('hibernate_sequence')
Hibernate: insert into insecure_password_field_record (version, location, id) values (?, ?, ?)
18
]]></system-out>

      <system-err><![CDATA[--Output from testSomething--
]]></system-err>

  </testsuite>
</testsuites>
